<?xml version="1.0" encoding="UTF-8"?>
<!-- Generated by org.testng.reporters.JUnitReportReporter -->
<testsuite hostname="rana-omar" failures="0" tests="1" name="Tests.SubscriptionTest" time="28.735" errors="0" timestamp="2023-04-04T08:03:58 EET" skipped="0">
  <testcase classname="Tests.SubscriptionTest" name="validateSubscriptionData" time="28.735"/>
  <system-out/>
</testsuite> <!-- Tests.SubscriptionTest -->
